[INFO] Scanning for projects...
[INFO] 
[INFO] --------------------< id.colossus:colossus-engine >---------------------
[INFO] Building  0.0.1-SNAPSHOT
[INFO]   from pom.xml
[INFO] --------------------------------[ jar ]---------------------------------
[INFO] 
[INFO] >>> spring-boot:4.0.6:run (default-cli) > test-compile @ colossus-engine >>>
[INFO] 
[INFO] --- resources:3.3.1:resources (default-resources) @ colossus-engine ---
[INFO] Copying 1 resource from src\main\resources to target\classes
[INFO] Copying 0 resource from src\main\resources to target\classes
[INFO] 
[INFO] --- compiler:3.14.1:compile (default-compile) @ colossus-engine ---
[INFO] Nothing to compile - all classes are up to date.
[INFO] 
[INFO] --- resources:3.3.1:testResources (default-testResources) @ colossus-engine ---
[INFO] skip non existing resourceDirectory D:\My Stuff\dev\project_colossus\colossus\src\test\resources
[INFO] 
[INFO] --- compiler:3.14.1:testCompile (default-testCompile) @ colossus-engine ---
[INFO] Nothing to compile - all classes are up to date.
[INFO] 
[INFO] <<< spring-boot:4.0.6:run (default-cli) < test-compile @ colossus-engine <<<
[INFO] 
[INFO] 
[INFO] --- spring-boot:4.0.6:run (default-cli) @ colossus-engine ---
[INFO] Attaching agents: []

  .   ____          _            __ _ _
 /\\ / ___'_ __ _ _(_)_ __  __ _ \ \ \ \
( ( )\___ | '_ | '_| | '_ \/ _` | \ \ \ \
 \\/  ___)| |_)| | | | | || (_| |  ) ) ) )
  '  |____| .__|_| |_|_| |_\__, | / / / /
 =========|_|==============|___/=/_/_/_/

 :: Spring Boot ::                (v4.0.6)

2026-04-26T20:32:37.572+07:00  INFO 11056 --- [colossus-engine] [           main] i.c.c.ColossusEngineApplication          : Starting ColossusEngineApplication using Java 25.0.2 with PID 11056 (D:\My Stuff\dev\project_colossus\colossus\target\classes started by user in D:\My Stuff\dev\project_colossus\colossus)
2026-04-26T20:32:37.574+07:00 DEBUG 11056 --- [colossus-engine] [           main] i.c.c.ColossusEngineApplication          : Running with Spring Boot v4.0.6, Spring v7.0.7
2026-04-26T20:32:37.574+07:00  INFO 11056 --- [colossus-engine] [           main] i.c.c.ColossusEngineApplication          : No active profile set, falling back to 1 default profile: "default"
2026-04-26T20:32:38.049+07:00  INFO 11056 --- [colossus-engine] [           main] o.s.boot.tomcat.TomcatWebServer          : Tomcat initialized with port 8080 (http)
2026-04-26T20:32:38.059+07:00  INFO 11056 --- [colossus-engine] [           main] o.apache.catalina.core.StandardService   : Starting service [Tomcat]
2026-04-26T20:32:38.060+07:00  INFO 11056 --- [colossus-engine] [           main] o.apache.catalina.core.StandardEngine    : Starting Servlet engine: [Apache Tomcat/11.0.21]
2026-04-26T20:32:38.094+07:00  INFO 11056 --- [colossus-engine] [           main] b.w.c.s.WebApplicationContextInitializer : Root WebApplicationContext: initialization completed in 485 ms
2026-04-26T20:32:38.258+07:00  WARN 11056 --- [colossus-engine] [           main] ion$DefaultTemplateResolverConfiguration : Cannot find template location: classpath:/templates/ (please add some templates, check your Thymeleaf configuration, or set spring.thymeleaf.check-template-location=false)
2026-04-26T20:32:38.292+07:00  WARN 11056 --- [colossus-engine] [           main] ConfigServletWebServerApplicationContext : Exception encountered during context initialization - cancelling refresh attempt: org.springframework.context.ApplicationContextException: Failed to start bean 'webServerStartStop'
2026-04-26T20:32:38.303+07:00  INFO 11056 --- [colossus-engine] [           main] .s.b.a.l.ConditionEvaluationReportLogger : 

Error starting ApplicationContext. To display the condition evaluation report re-run your application with 'debug' enabled.
2026-04-26T20:32:38.311+07:00 ERROR 11056 --- [colossus-engine] [           main] o.s.b.d.LoggingFailureAnalysisReporter   : 

***************************
APPLICATION FAILED TO START
***************************

Description:

Web server failed to start. Port 8080 was already in use.

Action:

Identify and stop the process that's listening on port 8080 or configure this application to listen on another port.

[INFO] ------------------------------------------------------------------------
[INFO] BUILD FAILURE
[INFO] ------------------------------------------------------------------------
[INFO] Total time:  2.560 s
[INFO] Finished at: 2026-04-26T20:32:38+07:00
[INFO] ------------------------------------------------------------------------
[ERROR] Failed to execute goal org.springframework.boot:spring-boot-maven-plugin:4.0.6:run (default-cli) on project colossus-engine: Process terminated with exit code: 1 -> [Help 1]
[ERROR] 
[ERROR] To see the full stack trace of the errors, re-run Maven with the -e switch.
[ERROR] Re-run Maven using the -X switch to enable full debug logging.
[ERROR] 
[ERROR] For more information about the errors and possible solutions, please read the following articles:
[ERROR] [Help 1] http://cwiki.apache.org/confluence/display/MAVEN/MojoExecutionException
